TN:
SF:script/DeployDSC.s.sol
DA:13,45
FN:13,DeployDSC.run
FNDA:45,DeployDSC.run
DA:14,45
DA:16,45
DA:17,45
DA:18,45
DA:19,45
DA:21,45
DA:22,45
DA:23,45
DA:24,45
DA:25,45
DA:26,45
FNF:1
FNH:1
LF:12
LH:12
BRF:0
BRH:0
end_of_record
TN:
SF:script/HelperConfig.s.sol
DA:26,45
FN:26,HelperConfig.constructor
FNDA:45,HelperConfig.constructor
DA:27,45
BRDA:27,0,0,-
BRDA:27,0,1,45
DA:28,0
DA:30,45
DA:34,0
FN:34,HelperConfig.getSepoliaEthConfig
FNDA:0,HelperConfig.getSepoliaEthConfig
DA:39,0
DA:48,45
FN:48,HelperConfig.getOrCreateAnvilEthConfig
FNDA:45,HelperConfig.getOrCreateAnvilEthConfig
DA:53,45
BRDA:53,1,0,-
DA:54,0
DA:57,45
DA:58,45
DA:62,45
DA:64,45
DA:68,45
DA:69,45
DA:71,45
FNF:3
FNH:2
LF:16
LH:12
BRF:3
BRH:1
end_of_record
TN:
SF:src/DSCEngine.sol
DA:119,3
FN:119,DSCEngine.AmountMoreThanZero
FNDA:3,DSCEngine.AmountMoreThanZero
DA:120,3
BRDA:120,0,0,1
DA:121,1
DA:126,1
FN:126,DSCEngine.ValidTokenAddress
FNDA:1,DSCEngine.ValidTokenAddress
DA:127,1
BRDA:127,1,0,-
DA:128,0
DA:137,50
FN:137,DSCEngine.constructor
FNDA:50,DSCEngine.constructor
DA:142,50
BRDA:142,2,0,1
DA:143,1
DA:145,49
DA:146,94
DA:147,94
DA:149,49
DA:162,21
FN:162,DSCEngine.depositcollateralAndMintDSC
FNDA:21,DSCEngine.depositcollateralAndMintDSC
DA:167,21
DA:168,21
DA:177,3
FN:177,DSCEngine.burndsc
FNDA:3,DSCEngine.burndsc
DA:178,2
DA:179,1
DA:198,5
FN:198,DSCEngine.liquidate
FNDA:5,DSCEngine.liquidate
DA:203,5
DA:204,5
BRDA:204,3,0,1
DA:205,1
DA:209,4
DA:217,4
DA:222,4
DA:229,4
DA:230,4
DA:232,4
BRDA:232,4,0,1
DA:233,1
DA:235,3
DA:244,4
FN:244,DSCEngine.redeemCollateral
FNDA:4,DSCEngine.redeemCollateral
DA:252,3
DA:258,2
DA:267,2
FN:267,DSCEngine.redeemCollateralForDSC
FNDA:2,DSCEngine.redeemCollateralForDSC
DA:276,1
DA:277,1
DA:283,1
DA:294,4
FN:294,DSCEngine.mintdsc
FNDA:4,DSCEngine.mintdsc
DA:295,24
DA:296,24
DA:297,21
DA:298,21
BRDA:298,5,0,1
DA:299,1
DA:307,15
FN:307,DSCEngine.depositCollateral
FNDA:15,DSCEngine.depositCollateral
DA:315,34
DA:317,34
DA:318,34
DA:323,34
BRDA:323,6,0,1
DA:324,1
DA:332,8
FN:332,DSCEngine._redeemCollateral
FNDA:8,DSCEngine._redeemCollateral
DA:338,8
DA:339,8
DA:340,8
DA:341,8
BRDA:341,7,0,1
DA:342,1
DA:346,7
FN:346,DSCEngine._burndsc
FNDA:7,DSCEngine._burndsc
DA:351,7
DA:352,6
DA:357,6
BRDA:357,8,0,-
DA:358,0
DA:361,6
DA:367,45
FN:367,DSCEngine._healthFactor
FNDA:45,DSCEngine._healthFactor
DA:368,45
DA:371,45
DA:372,45
DA:373,45
DA:376,103
FN:376,DSCEngine._getUSDValue
FNDA:103,DSCEngine._getUSDValue
DA:380,103
DA:383,103
DA:387,103
DA:388,103
DA:391,48
FN:391,DSCEngine._calculateHealthFactor
FNDA:48,DSCEngine._calculateHealthFactor
DA:395,48
BRDA:395,9,0,7
DA:396,7
DA:398,41
DA:400,41
DA:403,31
FN:403,DSCEngine._revertIfHealthFactorIsBroken
FNDA:31,DSCEngine._revertIfHealthFactorIsBroken
DA:404,31
DA:405,31
BRDA:405,10,0,3
DA:406,3
DA:410,50
FN:410,DSCEngine._getAccountInformation
FNDA:50,DSCEngine._getAccountInformation
DA:417,50
DA:418,50
DA:423,3
FN:423,DSCEngine.calculateHealthFactor
FNDA:3,DSCEngine.calculateHealthFactor
DA:427,3
DA:430,5
FN:430,DSCEngine.getAccountInformation
FNDA:5,DSCEngine.getAccountInformation
DA:437,50
DA:440,6
FN:440,DSCEngine.getUSDValue
FNDA:6,DSCEngine.getUSDValue
DA:444,6
DA:447,3
FN:447,DSCEngine.getCollateralBalance
FNDA:3,DSCEngine.getCollateralBalance
DA:451,3
DA:454,1
FN:454,DSCEngine.getAccountCollateralValue
FNDA:1,DSCEngine.getAccountCollateralValue
DA:457,51
DA:458,51
DA:459,97
DA:460,97
DA:461,97
DA:463,51
DA:466,4
FN:466,DSCEngine.getTokenAmountFromUSDValue
FNDA:4,DSCEngine.getTokenAmountFromUSDValue
DA:470,8
DA:473,8
DA:478,8
DA:479,8
DA:482,1
FN:482,DSCEngine.getMinHealthFactor
FNDA:1,DSCEngine.getMinHealthFactor
DA:483,1
DA:486,2
FN:486,DSCEngine.getLiquidationBonus
FNDA:2,DSCEngine.getLiquidationBonus
DA:487,2
DA:490,3
FN:490,DSCEngine.getPrecision
FNDA:3,DSCEngine.getPrecision
DA:491,3
DA:494,3
FN:494,DSCEngine.getAdditionalFeedPrecision
FNDA:3,DSCEngine.getAdditionalFeedPrecision
DA:495,3
DA:498,1
FN:498,DSCEngine.getLiquidationThreshold
FNDA:1,DSCEngine.getLiquidationThreshold
DA:499,1
DA:502,2
FN:502,DSCEngine.getLiquidationPrecision
FNDA:2,DSCEngine.getLiquidationPrecision
DA:503,2
DA:506,1
FN:506,DSCEngine.getDSC
FNDA:1,DSCEngine.getDSC
DA:507,1
DA:510,1
FN:510,DSCEngine.getCollataeralTokenPriceFeed
FNDA:1,DSCEngine.getCollataeralTokenPriceFeed
DA:513,1
DA:516,5
FN:516,DSCEngine.getHealthFactor
FNDA:5,DSCEngine.getHealthFactor
DA:517,5
DA:520,1
FN:520,DSCEngine.getCollateralTokens
FNDA:1,DSCEngine.getCollateralTokens
DA:521,1
FNF:33
FNH:33
LF:124
LH:122
BRF:11
BRH:9
end_of_record
TN:
SF:src/DecentralizedStableCoin.sol
DA:30,25
FN:30,DecentralizedStableCoin.mint
FNDA:25,DecentralizedStableCoin.mint
DA:34,25
BRDA:34,0,0,1
DA:35,1
DA:37,24
BRDA:37,1,0,1
DA:38,1
DA:40,23
DA:41,23
DA:48,4
FN:48,DecentralizedStableCoin.burn
FNDA:4,DecentralizedStableCoin.burn
DA:52,4
DA:53,4
BRDA:53,2,0,1
DA:54,1
DA:56,3
BRDA:56,3,0,1
DA:57,1
DA:59,2
BRDA:59,4,0,1
DA:60,1
DA:62,1
DA:63,1
FNF:2
FNH:2
LF:17
LH:17
BRF:5
BRH:5
end_of_record
TN:
SF:src/libraries/OracleLib.sol
DA:20,0
FN:20,OracleLib.staleCheckLatestRoundData
FNDA:0,OracleLib.staleCheckLatestRoundData
DA:25,0
DA:26,0
DA:28,0
BRDA:28,0,0,-
DA:29,0
DA:31,0
DA:32,0
BRDA:32,1,0,-
DA:34,0
DA:37,0
FN:37,OracleLib.getTimeout
FNDA:0,OracleLib.getTimeout
DA:44,0
FN:20,OracleLib.staleCheckLatestRoundData
FNDA:2,OracleLib.staleCheckLatestRoundData
BRDA:28,0,0,1
BRDA:32,1,0,1
FN:37,OracleLib.getTimeout
FNDA:1,OracleLib.getTimeout
FNF:4
FNH:2
LF:20
LH:9
BRF:4
BRH:2
end_of_record
TN:
SF:test/mocks/ERC20Mock.sol
DA:7,91
FN:7,ERC20Mock.constructor
FNDA:91,ERC20Mock.constructor
DA:16,91
DA:19,95
FN:19,ERC20Mock.mint
FNDA:95,ERC20Mock.mint
DA:20,95
DA:23,0
FN:23,ERC20Mock.burn
FNDA:0,ERC20Mock.burn
DA:24,0
DA:27,0
FN:27,ERC20Mock.transferInternal
FNDA:0,ERC20Mock.transferInternal
DA:28,0
DA:31,0
FN:31,ERC20Mock.approveInternal
FNDA:0,ERC20Mock.approveInternal
DA:32,0
FNF:5
FNH:2
LF:10
LH:4
BRF:0
BRH:0
end_of_record
TN:
SF:test/mocks/MockFailedMintDSC.sol
DA:15,0
FN:15,MockFailedMintDSC.burn
FNDA:0,MockFailedMintDSC.burn
DA:16,0
DA:17,0
BRDA:17,0,0,-
DA:18,0
DA:20,0
BRDA:20,1,0,-
DA:21,0
DA:23,0
DA:26,1
FN:26,MockFailedMintDSC.mint
FNDA:1,MockFailedMintDSC.mint
DA:30,1
BRDA:30,2,0,-
DA:31,0
DA:33,1
BRDA:33,3,0,-
DA:34,0
DA:36,1
DA:37,1
FNF:2
FNH:1
LF:14
LH:5
BRF:4
BRH:0
end_of_record
TN:
SF:test/mocks/MockFailedTransfer.sol
DA:22,0
FN:22,MockFailedTransfer.burn
FNDA:0,MockFailedTransfer.burn
DA:23,0
DA:24,0
BRDA:24,0,0,-
DA:25,0
DA:27,0
BRDA:27,1,0,-
DA:28,0
DA:30,0
DA:33,1
FN:33,MockFailedTransfer.mint
FNDA:1,MockFailedTransfer.mint
DA:34,1
DA:37,1
FN:37,MockFailedTransfer.transfer
FNDA:1,MockFailedTransfer.transfer
DA:41,1
FNF:3
FNH:2
LF:11
LH:4
BRF:2
BRH:0
end_of_record
TN:
SF:test/mocks/MockFailedTransferFrom.sol
DA:13,0
FN:13,MockFailedTransferFrom.burn
FNDA:0,MockFailedTransferFrom.burn
DA:14,0
DA:15,0
BRDA:15,0,0,-
DA:16,0
DA:18,0
BRDA:18,1,0,-
DA:19,0
DA:21,0
DA:24,1
FN:24,MockFailedTransferFrom.mint
FNDA:1,MockFailedTransferFrom.mint
DA:25,1
DA:28,1
FN:28,MockFailedTransferFrom.transferFrom
FNDA:1,MockFailedTransferFrom.transferFrom
DA:38,1
FNF:3
FNH:2
LF:11
LH:4
BRF:2
BRH:0
end_of_record
TN:
SF:test/mocks/MockMoreDebtDSC.sol
DA:58,1
FN:58,MockMoreDebtDSC.constructor
FNDA:1,MockMoreDebtDSC.constructor
DA:59,1
DA:62,1
FN:62,MockMoreDebtDSC.burn
FNDA:1,MockMoreDebtDSC.burn
DA:64,1
DA:65,1
DA:66,1
BRDA:66,0,0,-
DA:67,0
DA:69,1
BRDA:69,1,0,-
DA:70,0
DA:72,1
DA:75,2
FN:75,MockMoreDebtDSC.mint
FNDA:2,MockMoreDebtDSC.mint
DA:76,2
BRDA:76,2,0,-
DA:77,0
DA:79,2
BRDA:79,3,0,-
DA:80,0
DA:82,2
DA:83,2
FNF:3
FNH:3
LF:17
LH:13
BRF:4
BRH:0
end_of_record
TN:
SF:test/mocks/MockV3Aggregator.sol
DA:24,90
FN:24,MockV3Aggregator.constructor
FNDA:90,MockV3Aggregator.constructor
DA:25,90
DA:26,90
DA:29,96
FN:29,MockV3Aggregator.updateAnswer
FNDA:96,MockV3Aggregator.updateAnswer
DA:30,96
DA:31,96
DA:32,96
DA:33,96
DA:34,96
DA:35,96
DA:38,0
FN:38,MockV3Aggregator.updateRoundData
FNDA:0,MockV3Aggregator.updateRoundData
DA:44,0
DA:45,0
DA:46,0
DA:47,0
DA:48,0
DA:49,0
DA:52,0
FN:52,MockV3Aggregator.getRoundData
FNDA:0,MockV3Aggregator.getRoundData
DA:65,0
DA:74,113
FN:74,MockV3Aggregator.latestRoundData
FNDA:113,MockV3Aggregator.latestRoundData
DA:85,113
DA:94,0
FN:94,MockV3Aggregator.description
FNDA:0,MockV3Aggregator.description
DA:95,0
FN:24,MockV3Aggregator.constructor
FNDA:3,MockV3Aggregator.constructor
FN:29,MockV3Aggregator.updateAnswer
FNDA:3,MockV3Aggregator.updateAnswer
FN:38,MockV3Aggregator.updateRoundData
FNDA:1,MockV3Aggregator.updateRoundData
FN:52,MockV3Aggregator.getRoundData
FNDA:0,MockV3Aggregator.getRoundData
FN:74,MockV3Aggregator.latestRoundData
FNDA:2,MockV3Aggregator.latestRoundData
FN:94,MockV3Aggregator.description
FNDA:0,MockV3Aggregator.description
FNF:12
FNH:7
LF:46
LH:31
BRF:0
BRH:0
end_of_record
